<?xml version="1.0" encoding="UTF-8"?>
<!-- Generated by org.testng.reporters.JUnitReportReporter -->
<testsuite hostname="DESKTOP-4S2TVQ5" failures="0" tests="3" name="manager.login" time="5.736" errors="0" timestamp="2023-01-15T20:59:29 GMT+02:00" skipped="0">
  <testcase classname="manager.login" name="LoginAsManager" time="3.721"/>
  <system-out/>
  <testcase classname="manager.login" name="OpenAccount" time="1.592"/>
  <system-out/>
  <testcase classname="manager.login" name="FindCustomers" time="0.423"/>
  <system-out/>
</testsuite> <!-- manager.login -->
